<?xml version="1.0" encoding="UTF-8"?>
<!-- Generated by org.testng.reporters.JUnitReportReporter -->
<testsuite hostname="DESKTOP-H0PI4DT" failures="0" tests="1" name="actionExample.DragDropTest2" time="0.447" errors="0" timestamp="2022-04-25T11:23:49 IST" skipped="0">
  <testcase classname="actionExample.DragDropTest2" name="dragTest" time="0.447"/>
</testsuite> <!-- actionExample.DragDropTest2 -->
