<?xml version="1.0" encoding="UTF-8"?>
<!-- Generated by org.testng.reporters.JUnitReportReporter -->
<testsuite hostname="DESKTOP-H0PI4DT" failures="0" tests="3" name="tests.LoginTest" time="8.103" errors="0" timestamp="2022-04-25T12:40:18 IST" skipped="0">
  <testcase classname="tests.LoginTest" name="login_userName_password_blank_tc_01" time="2.157"/>
  <testcase classname="tests.LoginTest" name="login_userNameAdmin_password_blank_tc_02" time="2.314"/>
  <testcase classname="tests.LoginTest" name="login_userNameAdmin_password_Demo_tc_03" time="3.632"/>
</testsuite> <!-- tests.LoginTest -->
