<?xml version="1.0" encoding="UTF-8"?>
<!-- Generated by org.testng.reporters.JUnitReportReporter -->
<testsuite hostname="DESKTOP-H0PI4DT" failures="0" tests="2" name="alertExample.AlertTest" time="8.335" errors="0" timestamp="2022-04-23T09:40:15 IST" skipped="0">
  <testcase classname="alertExample.AlertTest" name="confirmAlert" time="4.183"/>
  <testcase classname="alertExample.AlertTest" name="simpleAlert" time="4.152"/>
</testsuite> <!-- alertExample.AlertTest -->
