<?xml version="1.0" encoding="UTF-8"?>
<!-- Generated by org.testng.reporters.JUnitReportReporter -->
<testsuite hostname="DESKTOP-H0PI4DT" failures="0" tests="1" name="actionExample.RightClickDoubleClickExample" time="14.426" errors="0" timestamp="2022-04-23T10:45:55 IST" skipped="0">
  <testcase classname="actionExample.RightClickDoubleClickExample" name="rightClickTest" time="14.426"/>
</testsuite> <!-- actionExample.RightClickDoubleClickExample -->
