<?xml version="1.0" encoding="UTF-8"?>
<!-- Generated by org.testng.reporters.JUnitReportReporter -->
<testsuite hostname="DESKTOP-H0PI4DT" failures="0" tests="1" name="controlExample.NOPCommLoginTest" time="24.108" errors="0" timestamp="2022-04-22T15:45:23 IST" skipped="0">
  <testcase classname="controlExample.NOPCommLoginTest" name="InputBox" time="24.108"/>
</testsuite> <!-- controlExample.NOPCommLoginTest -->
