<?xml version="1.0" encoding="UTF-8"?>
<!-- Generated by org.testng.reporters.JUnitReportReporter -->
<testsuite hostname="DESKTOP-H0PI4DT" failures="0" tests="1" name="frameExample.PayTM_FrameTest" time="4.346" errors="0" timestamp="2022-04-23T10:10:57 IST" skipped="0">
  <testcase classname="frameExample.PayTM_FrameTest" name="promptAlert" time="4.346"/>
</testsuite> <!-- frameExample.PayTM_FrameTest -->
