<?xml version="1.0" encoding="UTF-8"?>
<!-- Generated by org.testng.reporters.JUnitReportReporter -->
<testsuite hostname="DESKTOP-H0PI4DT" failures="0" tests="1" name="alertExample.AlertTest2" time="4.439" errors="0" timestamp="2022-04-23T10:01:07 IST" skipped="0">
  <testcase classname="alertExample.AlertTest2" name="promptAlert" time="4.439"/>
</testsuite> <!-- alertExample.AlertTest2 -->
