<?xml version="1.0" encoding="UTF-8"?>
<!-- Generated by org.testng.reporters.JUnitReportReporter -->
<testsuite hostname="DESKTOP-H0PI4DT" failures="0" tests="1" name="javascriptExample.PayTM_FrameTest" time="0.117" errors="0" timestamp="2022-04-23T10:22:24 IST" skipped="0">
  <testcase classname="javascriptExample.PayTM_FrameTest" name="promptAlert" time="0.117"/>
</testsuite> <!-- javascriptExample.PayTM_FrameTest -->
